
Showing logs for build [32mcb-kubecd-environment-pr-5485-1-ctllc-1[0m stage [32mmeta-pipeline[0m and container [32mstep-credential-initializer-pm69m[0m
{"level":"warn","ts":1568457248.286898,"logger":"fallback-logger","caller":"logging/config.go:69","msg":"Fetch GitHub commit ID from kodata failed: \"ref: refs/heads/master\" is not a valid GitHub commit ID"}
{"level":"info","ts":1568457248.2886,"logger":"fallback-logger","caller":"creds-init/main.go:40","msg":"Credentials initialized."}

Showing logs for build [32mcb-kubecd-environment-pr-5485-1-ctllc-1[0m stage [32mmeta-pipeline[0m and container [32mstep-working-dir-initializer-gv8vn[0m
{"level":"warn","ts":1568457250.8620057,"logger":"fallback-logger","caller":"logging/config.go:69","msg":"Fetch GitHub commit ID from kodata failed: open /var/run/ko/HEAD: no such file or directory"}
{"level":"info","ts":1568457250.8720076,"logger":"fallback-logger","caller":"bash/main.go:65","msg":"Successfully executed command \"mkdir -p /workspace/source\""}

Showing logs for build [32mcb-kubecd-environment-pr-5485-1-ctllc-1[0m stage [32mmeta-pipeline[0m and container [32mstep-place-tools[0m

Showing logs for build [32mcb-kubecd-environment-pr-5485-1-ctllc-1[0m stage [32mmeta-pipeline[0m and container [32mstep-git-source-meta-cb-kubecd-environment-pr-5-gr9mr[0m
{"level":"warn","ts":1568457284.4812531,"logger":"fallback-logger","caller":"logging/config.go:69","msg":"Fetch GitHub commit ID from kodata failed: \"ref: refs/heads/master\" is not a valid GitHub commit ID"}
{"level":"info","ts":1568457285.546715,"logger":"fallback-logger","caller":"git/git.go:102","msg":"Successfully cloned https://github.com/cb-kubecd/environment-pr-5485-11-tekton-gkebdd-staging.git @ 14289cf51dedfb01330810c9654a2ad466310f84 in path /workspace/source"}

Showing logs for build [32mcb-kubecd-environment-pr-5485-1-ctllc-1[0m stage [32mmeta-pipeline[0m and container [32mstep-git-merge[0m
Using SHAs from PULL_REFS=master:14289cf51dedfb01330810c9654a2ad466310f84,2:a91ca7abebd7731ad9d6625ca25cd8c3c4cc5e38
DEBUG: ran git fetch --unshallow origin a91ca7abebd7731ad9d6625ca25cd8c3c4cc5e38: 14289cf51dedfb01330810c9654a2ad466310f84: in 
DEBUG: ran git checkout master in 
DEBUG: ran git reset --hard 14289cf51dedfb01330810c9654a2ad466310f84 in 
DEBUG: ran clean --force -d . in 
DEBUG: ran git merge a91ca7abebd7731ad9d6625ca25cd8c3c4cc5e38 in 
Merged SHA a91ca7abebd7731ad9d6625ca25cd8c3c4cc5e38 with commit message 'chore: Promote bdd-ghf**y-1568457074 to version 0.0.1' into base branch master

Showing logs for build [32mcb-kubecd-environment-pr-5485-1-ctllc-1[0m stage [32mmeta-pipeline[0m and container [32mstep-merge-pull-refs[0m
DEBUG: ran git fetch origin a91ca7abebd7731ad9d6625ca25cd8c3c4cc5e38: 14289cf51dedfb01330810c9654a2ad466310f84: in 
DEBUG: Unshallowed git repo in 
DEBUG: ran git checkout master in 
DEBUG: ran git reset --hard 14289cf51dedfb01330810c9654a2ad466310f84 in 
DEBUG: ran clean --force -d . in 
DEBUG: ran git merge a91ca7abebd7731ad9d6625ca25cd8c3c4cc5e38 in 
Merged SHA a91ca7abebd7731ad9d6625ca25cd8c3c4cc5e38 with commit message 'chore: Promote bdd-ghf**y-1568457074 to version 0.0.1' into base branch master

Showing logs for build [32mcb-kubecd-environment-pr-5485-1-ctllc-1[0m stage [32mmeta-pipeline[0m and container [32mstep-create-effective-pipeline[0m
Deleting and cloning the Jenkins X versions repo
Cloning the Jenkins X versions repo https://github.com/jenkins-x/jenkins-x-versions.git with ref refs/heads/master to /builder/home/.**/jenkins-x-versions
selected pack: /builder/home/.**/draft/packs/github.com/jenkins-x-buildpacks/jenkins-x-kubernetes/packs/environment
Effective pipeline written to jenkins-x-promotion-build-effective.yml

Showing logs for build [32mcb-kubecd-environment-pr-5485-1-ctllc-1[0m stage [32mmeta-pipeline[0m and container [32mstep-create-tekton-crds[0m
PipelineActivity for cb-kubecd-environment-pr-5485-11-tekton-gkebdd-staging-PR-2-1
Applying changes 
upserted PipelineResource cb-kubecd-environment-pr-5485-1 for the git repository https://github.com/cb-kubecd/environment-pr-5485-11-tekton-gkebdd-staging.git
upserted Task cb-kubecd-environment-pr-5485-1-ctllc-from-build-pack-1
upserted Pipeline cb-kubecd-environment-pr-5485-1-ctllc-1
created PipelineRun cb-kubecd-environment-pr-5485-1-ctllc-1
created PipelineStructure cb-kubecd-environment-pr-5485-1-ctllc-1

Showing logs for build [32mcb-kubecd-environment-pr-5485-1-ctllc-1[0m stage [32mfrom-build-pack[0m and container [32mstep-credential-initializer-kxzsx[0m
{"level":"warn","ts":1568457299.5526376,"logger":"fallback-logger","caller":"logging/config.go:69","msg":"Fetch GitHub commit ID from kodata failed: \"ref: refs/heads/master\" is not a valid GitHub commit ID"}
{"level":"info","ts":1568457299.5537748,"logger":"fallback-logger","caller":"creds-init/main.go:40","msg":"Credentials initialized."}

Showing logs for build [32mcb-kubecd-environment-pr-5485-1-ctllc-1[0m stage [32mfrom-build-pack[0m and container [32mstep-working-dir-initializer-stwss[0m
{"level":"warn","ts":1568457300.5713203,"logger":"fallback-logger","caller":"logging/config.go:69","msg":"Fetch GitHub commit ID from kodata failed: open /var/run/ko/HEAD: no such file or directory"}
{"level":"info","ts":1568457300.5776112,"logger":"fallback-logger","caller":"bash/main.go:65","msg":"Successfully executed command \"mkdir -p /workspace/source /workspace/source/env\""}

Showing logs for build [32mcb-kubecd-environment-pr-5485-1-ctllc-1[0m stage [32mfrom-build-pack[0m and container [32mstep-place-tools[0m

Showing logs for build [32mcb-kubecd-environment-pr-5485-1-ctllc-1[0m stage [32mfrom-build-pack[0m and container [32mstep-git-source-cb-kubecd-environment-pr-5485-1-cp5zr[0m
{"level":"warn","ts":1568457372.8050563,"logger":"fallback-logger","caller":"logging/config.go:69","msg":"Fetch GitHub commit ID from kodata failed: \"ref: refs/heads/master\" is not a valid GitHub commit ID"}
{"level":"info","ts":1568457373.8774774,"logger":"fallback-logger","caller":"git/git.go:102","msg":"Successfully cloned https://github.com/cb-kubecd/environment-pr-5485-11-tekton-gkebdd-staging.git @ master in path /workspace/source"}

Showing logs for build [32mcb-kubecd-environment-pr-5485-1-ctllc-1[0m stage [32mfrom-build-pack[0m and container [32mstep-git-merge[0m
Using SHAs from PULL_REFS=master:14289cf51dedfb01330810c9654a2ad466310f84,2:a91ca7abebd7731ad9d6625ca25cd8c3c4cc5e38
DEBUG: ran git fetch origin a91ca7abebd7731ad9d6625ca25cd8c3c4cc5e38: 14289cf51dedfb01330810c9654a2ad466310f84: in 
DEBUG: Unshallowed git repo in 
DEBUG: ran git checkout master in 
DEBUG: ran git reset --hard 14289cf51dedfb01330810c9654a2ad466310f84 in 
DEBUG: ran clean --force -d . in 
DEBUG: ran git merge a91ca7abebd7731ad9d6625ca25cd8c3c4cc5e38 in 
Merged SHA a91ca7abebd7731ad9d6625ca25cd8c3c4cc5e38 with commit message 'chore: Promote bdd-ghf**y-1568457074 to version 0.0.1' into base branch master

Showing logs for build [32mcb-kubecd-environment-pr-5485-1-ctllc-1[0m stage [32mfrom-build-pack[0m and container [32mstep-build-helm-build[0m
WARNING: No $CHART_REPOSITORY defined so using the default value of: http://jenkins-x-chartmuseum:8080
Adding missing Helm repo: storage.googleapis.com https://storage.googleapis.com/chartmuseum.jenkins-x.io
Successfully added Helm repository storage.googleapis.com.
Adding missing Helm repo: jenkins-x-chartmuseum http://jenkins-x-chartmuseum:8080
Successfully added Helm repository jenkins-x-chartmuseum.
WARNING: No $CHART_REPOSITORY defined so using the default value of: http://jenkins-x-chartmuseum:8080
Adding missing Helm repo: chartmuseum.jenkins-x.io http://chartmuseum.jenkins-x.io
Successfully added Helm repository chartmuseum.jenkins-x.io.
