
Showing logs for build [32mcb-kubecd-environment-pr-5485-1-lbnwj-1[0m stage [32mmeta-pipeline[0m and container [32mstep-credential-initializer-sxxrn[0m
{"level":"warn","ts":1568457718.8015718,"logger":"fallback-logger","caller":"logging/config.go:69","msg":"Fetch GitHub commit ID from kodata failed: \"ref: refs/heads/master\" is not a valid GitHub commit ID"}
{"level":"info","ts":1568457718.802031,"logger":"fallback-logger","caller":"creds-init/main.go:40","msg":"Credentials initialized."}

Showing logs for build [32mcb-kubecd-environment-pr-5485-1-lbnwj-1[0m stage [32mmeta-pipeline[0m and container [32mstep-working-dir-initializer-vw4lh[0m
{"level":"warn","ts":1568457719.827779,"logger":"fallback-logger","caller":"logging/config.go:69","msg":"Fetch GitHub commit ID from kodata failed: open /var/run/ko/HEAD: no such file or directory"}
{"level":"info","ts":1568457719.8297944,"logger":"fallback-logger","caller":"bash/main.go:65","msg":"Successfully executed command \"mkdir -p /workspace/source\""}

Showing logs for build [32mcb-kubecd-environment-pr-5485-1-lbnwj-1[0m stage [32mmeta-pipeline[0m and container [32mstep-place-tools[0m

Showing logs for build [32mcb-kubecd-environment-pr-5485-1-lbnwj-1[0m stage [32mmeta-pipeline[0m and container [32mstep-git-source-meta-cb-kubecd-environment-pr-5-5q8gl[0m
{"level":"warn","ts":1568457726.0621839,"logger":"fallback-logger","caller":"logging/config.go:69","msg":"Fetch GitHub commit ID from kodata failed: \"ref: refs/heads/master\" is not a valid GitHub commit ID"}
{"level":"info","ts":1568457728.455364,"logger":"fallback-logger","caller":"git/git.go:102","msg":"Successfully cloned https://github.com/cb-kubecd/environment-pr-5485-11-tekton-gkebdd-staging.git @ dd048063d057ad9a3df85c55612ca61f35fe627a in path /workspace/source"}

Showing logs for build [32mcb-kubecd-environment-pr-5485-1-lbnwj-1[0m stage [32mmeta-pipeline[0m and container [32mstep-git-merge[0m
Using SHAs from PULL_REFS=master:dd048063d057ad9a3df85c55612ca61f35fe627a,3:e592cb22cdc345788b30277fd90f523deb1bb09b
DEBUG: ran git fetch --unshallow origin e592cb22cdc345788b30277fd90f523deb1bb09b: dd048063d057ad9a3df85c55612ca61f35fe627a: in 
DEBUG: ran git checkout master in 
DEBUG: ran git reset --hard dd048063d057ad9a3df85c55612ca61f35fe627a in 
DEBUG: ran clean --force -d . in 
DEBUG: ran git merge e592cb22cdc345788b30277fd90f523deb1bb09b in 
Merged SHA e592cb22cdc345788b30277fd90f523deb1bb09b with commit message 'chore: Promote bdd-gh-1568457074 to version 0.0.1' into base branch master

Showing logs for build [32mcb-kubecd-environment-pr-5485-1-lbnwj-1[0m stage [32mmeta-pipeline[0m and container [32mstep-merge-pull-refs[0m
DEBUG: ran git fetch origin e592cb22cdc345788b30277fd90f523deb1bb09b: dd048063d057ad9a3df85c55612ca61f35fe627a: in 
DEBUG: Unshallowed git repo in 
DEBUG: ran git checkout master in 
DEBUG: ran git reset --hard dd048063d057ad9a3df85c55612ca61f35fe627a in 
DEBUG: ran clean --force -d . in 
DEBUG: ran git merge e592cb22cdc345788b30277fd90f523deb1bb09b in 
Merged SHA e592cb22cdc345788b30277fd90f523deb1bb09b with commit message 'chore: Promote bdd-gh-1568457074 to version 0.0.1' into base branch master

Showing logs for build [32mcb-kubecd-environment-pr-5485-1-lbnwj-1[0m stage [32mmeta-pipeline[0m and container [32mstep-create-effective-pipeline[0m
Deleting and cloning the Jenkins X versions repo
Cloning the Jenkins X versions repo https://github.com/jenkins-x/jenkins-x-versions.git with ref refs/heads/master to /builder/home/.**/jenkins-x-versions
selected pack: /builder/home/.**/draft/packs/github.com/jenkins-x-buildpacks/jenkins-x-kubernetes/packs/environment
Effective pipeline written to jenkins-x-promotion-build-effective.yml

Showing logs for build [32mcb-kubecd-environment-pr-5485-1-lbnwj-1[0m stage [32mmeta-pipeline[0m and container [32mstep-create-tekton-crds[0m
PipelineActivity for cb-kubecd-environment-pr-5485-11-tekton-gkebdd-staging-PR-3-1
Applying changes 
upserted PipelineResource cb-kubecd-environment-pr-5485-1 for the git repository https://github.com/cb-kubecd/environment-pr-5485-11-tekton-gkebdd-staging.git
upserted Task cb-kubecd-environment-pr-5485-1-lbnwj-from-build-pack-1
upserted Pipeline cb-kubecd-environment-pr-5485-1-lbnwj-1
created PipelineRun cb-kubecd-environment-pr-5485-1-lbnwj-1
created PipelineStructure cb-kubecd-environment-pr-5485-1-lbnwj-1

Showing logs for build [32mcb-kubecd-environment-pr-5485-1-lbnwj-1[0m stage [32mfrom-build-pack[0m and container [32mstep-credential-initializer-zx5q4[0m
{"level":"warn","ts":1568457783.229534,"logger":"fallback-logger","caller":"logging/config.go:69","msg":"Fetch GitHub commit ID from kodata failed: \"ref: refs/heads/master\" is not a valid GitHub commit ID"}
{"level":"info","ts":1568457783.2304862,"logger":"fallback-logger","caller":"creds-init/main.go:40","msg":"Credentials initialized."}

Showing logs for build [32mcb-kubecd-environment-pr-5485-1-lbnwj-1[0m stage [32mfrom-build-pack[0m and container [32mstep-working-dir-initializer-xswdh[0m
{"level":"warn","ts":1568457784.0520792,"logger":"fallback-logger","caller":"logging/config.go:69","msg":"Fetch GitHub commit ID from kodata failed: open /var/run/ko/HEAD: no such file or directory"}
{"level":"info","ts":1568457784.084643,"logger":"fallback-logger","caller":"bash/main.go:65","msg":"Successfully executed command \"mkdir -p /workspace/source /workspace/source/env\""}

Showing logs for build [32mcb-kubecd-environment-pr-5485-1-lbnwj-1[0m stage [32mfrom-build-pack[0m and container [32mstep-place-tools[0m

Showing logs for build [32mcb-kubecd-environment-pr-5485-1-lbnwj-1[0m stage [32mfrom-build-pack[0m and container [32mstep-git-source-cb-kubecd-environment-pr-5485-1-v764g[0m
{"level":"warn","ts":1568457789.335191,"logger":"fallback-logger","caller":"logging/config.go:69","msg":"Fetch GitHub commit ID from kodata failed: \"ref: refs/heads/master\" is not a valid GitHub commit ID"}
{"level":"info","ts":1568457790.655513,"logger":"fallback-logger","caller":"git/git.go:102","msg":"Successfully cloned https://github.com/cb-kubecd/environment-pr-5485-11-tekton-gkebdd-staging.git @ master in path /workspace/source"}

Showing logs for build [32mcb-kubecd-environment-pr-5485-1-lbnwj-1[0m stage [32mfrom-build-pack[0m and container [32mstep-git-merge[0m
Using SHAs from PULL_REFS=master:dd048063d057ad9a3df85c55612ca61f35fe627a,3:e592cb22cdc345788b30277fd90f523deb1bb09b
DEBUG: ran git fetch origin e592cb22cdc345788b30277fd90f523deb1bb09b: dd048063d057ad9a3df85c55612ca61f35fe627a: in 
DEBUG: Unshallowed git repo in 
DEBUG: ran git checkout master in 
DEBUG: ran git reset --hard dd048063d057ad9a3df85c55612ca61f35fe627a in 
DEBUG: ran clean --force -d . in 
DEBUG: ran git merge e592cb22cdc345788b30277fd90f523deb1bb09b in 
Merged SHA e592cb22cdc345788b30277fd90f523deb1bb09b with commit message 'chore: Promote bdd-gh-1568457074 to version 0.0.1' into base branch master

Showing logs for build [32mcb-kubecd-environment-pr-5485-1-lbnwj-1[0m stage [32mfrom-build-pack[0m and container [32mstep-build-helm-build[0m
WARNING: No $CHART_REPOSITORY defined so using the default value of: http://jenkins-x-chartmuseum:8080
Adding missing Helm repo: storage.googleapis.com https://storage.googleapis.com/chartmuseum.jenkins-x.io
Successfully added Helm repository storage.googleapis.com.
Adding missing Helm repo: jenkins-x-chartmuseum http://jenkins-x-chartmuseum:8080
Successfully added Helm repository jenkins-x-chartmuseum.
WARNING: No $CHART_REPOSITORY defined so using the default value of: http://jenkins-x-chartmuseum:8080
Adding missing Helm repo: chartmuseum.jenkins-x.io http://chartmuseum.jenkins-x.io
Successfully added Helm repository chartmuseum.jenkins-x.io.
