
Showing logs for build [32mcb-kubecd-environment-pr-5485-1-9bkpx-1[0m stage [32mmeta-pipeline[0m and container [32mstep-credential-initializer-9mdrd[0m
{"level":"warn","ts":1568458207.609605,"logger":"fallback-logger","caller":"logging/config.go:69","msg":"Fetch GitHub commit ID from kodata failed: \"ref: refs/heads/master\" is not a valid GitHub commit ID"}
{"level":"info","ts":1568458207.6102219,"logger":"fallback-logger","caller":"creds-init/main.go:40","msg":"Credentials initialized."}

Showing logs for build [32mcb-kubecd-environment-pr-5485-1-9bkpx-1[0m stage [32mmeta-pipeline[0m and container [32mstep-working-dir-initializer-27hbf[0m
{"level":"warn","ts":1568458209.0482116,"logger":"fallback-logger","caller":"logging/config.go:69","msg":"Fetch GitHub commit ID from kodata failed: open /var/run/ko/HEAD: no such file or directory"}
{"level":"info","ts":1568458209.0497515,"logger":"fallback-logger","caller":"bash/main.go:65","msg":"Successfully executed command \"mkdir -p /workspace/source\""}

Showing logs for build [32mcb-kubecd-environment-pr-5485-1-9bkpx-1[0m stage [32mmeta-pipeline[0m and container [32mstep-place-tools[0m

Showing logs for build [32mcb-kubecd-environment-pr-5485-1-9bkpx-1[0m stage [32mmeta-pipeline[0m and container [32mstep-git-source-meta-cb-kubecd-environment-pr-5-lg9mm[0m
{"level":"warn","ts":1568458214.0779264,"logger":"fallback-logger","caller":"logging/config.go:69","msg":"Fetch GitHub commit ID from kodata failed: \"ref: refs/heads/master\" is not a valid GitHub commit ID"}
{"level":"info","ts":1568458215.1434672,"logger":"fallback-logger","caller":"git/git.go:102","msg":"Successfully cloned https://github.com/cb-kubecd/environment-pr-5485-11-tekton-gkebdd-staging.git @ 1faf1abc5660ab36ab1eb4ed5e1a5b6451a4a1a7 in path /workspace/source"}

Showing logs for build [32mcb-kubecd-environment-pr-5485-1-9bkpx-1[0m stage [32mmeta-pipeline[0m and container [32mstep-git-merge[0m
Using SHAs from PULL_REFS=master:1faf1abc5660ab36ab1eb4ed5e1a5b6451a4a1a7,4:41f357ab4d72707eb6ad09dd311ce20eb5788a75
DEBUG: ran git fetch --unshallow origin 41f357ab4d72707eb6ad09dd311ce20eb5788a75: 1faf1abc5660ab36ab1eb4ed5e1a5b6451a4a1a7: in 
DEBUG: ran git checkout master in 
DEBUG: ran git reset --hard 1faf1abc5660ab36ab1eb4ed5e1a5b6451a4a1a7 in 
DEBUG: ran clean --force -d . in 
DEBUG: ran git merge 41f357ab4d72707eb6ad09dd311ce20eb5788a75 in 
Merged SHA 41f357ab4d72707eb6ad09dd311ce20eb5788a75 with commit message 'chore: Promote bdd-ghf**y-import-1568458103 to version 0.0.1' into base branch master

Showing logs for build [32mcb-kubecd-environment-pr-5485-1-9bkpx-1[0m stage [32mmeta-pipeline[0m and container [32mstep-merge-pull-refs[0m
DEBUG: ran git fetch origin 41f357ab4d72707eb6ad09dd311ce20eb5788a75: 1faf1abc5660ab36ab1eb4ed5e1a5b6451a4a1a7: in 
DEBUG: Unshallowed git repo in 
DEBUG: ran git checkout master in 
DEBUG: ran git reset --hard 1faf1abc5660ab36ab1eb4ed5e1a5b6451a4a1a7 in 
DEBUG: ran clean --force -d . in 
DEBUG: ran git merge 41f357ab4d72707eb6ad09dd311ce20eb5788a75 in 
Merged SHA 41f357ab4d72707eb6ad09dd311ce20eb5788a75 with commit message 'chore: Promote bdd-ghf**y-import-1568458103 to version 0.0.1' into base branch master

Showing logs for build [32mcb-kubecd-environment-pr-5485-1-9bkpx-1[0m stage [32mmeta-pipeline[0m and container [32mstep-create-effective-pipeline[0m
Deleting and cloning the Jenkins X versions repo
Cloning the Jenkins X versions repo https://github.com/jenkins-x/jenkins-x-versions.git with ref refs/heads/master to /builder/home/.**/jenkins-x-versions
selected pack: /builder/home/.**/draft/packs/github.com/jenkins-x-buildpacks/jenkins-x-kubernetes/packs/environment
Effective pipeline written to jenkins-x-promotion-build-effective.yml

Showing logs for build [32mcb-kubecd-environment-pr-5485-1-9bkpx-1[0m stage [32mmeta-pipeline[0m and container [32mstep-create-tekton-crds[0m
PipelineActivity for cb-kubecd-environment-pr-5485-11-tekton-gkebdd-staging-PR-4-1
Applying changes 
upserted PipelineResource cb-kubecd-environment-pr-5485-1 for the git repository https://github.com/cb-kubecd/environment-pr-5485-11-tekton-gkebdd-staging.git
upserted Task cb-kubecd-environment-pr-5485-1-9bkpx-from-build-pack-1
upserted Pipeline cb-kubecd-environment-pr-5485-1-9bkpx-1
created PipelineRun cb-kubecd-environment-pr-5485-1-9bkpx-1
created PipelineStructure cb-kubecd-environment-pr-5485-1-9bkpx-1

Showing logs for build [32mcb-kubecd-environment-pr-5485-1-9bkpx-1[0m stage [32mfrom-build-pack[0m and container [32mstep-credential-initializer-f5jdz[0m
{"level":"warn","ts":1568458229.1997354,"logger":"fallback-logger","caller":"logging/config.go:69","msg":"Fetch GitHub commit ID from kodata failed: \"ref: refs/heads/master\" is not a valid GitHub commit ID"}
{"level":"info","ts":1568458229.2003472,"logger":"fallback-logger","caller":"creds-init/main.go:40","msg":"Credentials initialized."}

Showing logs for build [32mcb-kubecd-environment-pr-5485-1-9bkpx-1[0m stage [32mfrom-build-pack[0m and container [32mstep-working-dir-initializer-mslxb[0m
{"level":"warn","ts":1568458229.6700544,"logger":"fallback-logger","caller":"logging/config.go:69","msg":"Fetch GitHub commit ID from kodata failed: open /var/run/ko/HEAD: no such file or directory"}
{"level":"info","ts":1568458229.671336,"logger":"fallback-logger","caller":"bash/main.go:65","msg":"Successfully executed command \"mkdir -p /workspace/source /workspace/source/env\""}

Showing logs for build [32mcb-kubecd-environment-pr-5485-1-9bkpx-1[0m stage [32mfrom-build-pack[0m and container [32mstep-place-tools[0m

Showing logs for build [32mcb-kubecd-environment-pr-5485-1-9bkpx-1[0m stage [32mfrom-build-pack[0m and container [32mstep-git-source-cb-kubecd-environment-pr-5485-1-tnzpf[0m
{"level":"warn","ts":1568458234.8479414,"logger":"fallback-logger","caller":"logging/config.go:69","msg":"Fetch GitHub commit ID from kodata failed: \"ref: refs/heads/master\" is not a valid GitHub commit ID"}
{"level":"info","ts":1568458235.8917732,"logger":"fallback-logger","caller":"git/git.go:102","msg":"Successfully cloned https://github.com/cb-kubecd/environment-pr-5485-11-tekton-gkebdd-staging.git @ master in path /workspace/source"}

Showing logs for build [32mcb-kubecd-environment-pr-5485-1-9bkpx-1[0m stage [32mfrom-build-pack[0m and container [32mstep-git-merge[0m
Using SHAs from PULL_REFS=master:1faf1abc5660ab36ab1eb4ed5e1a5b6451a4a1a7,4:41f357ab4d72707eb6ad09dd311ce20eb5788a75
DEBUG: ran git fetch --unshallow origin 41f357ab4d72707eb6ad09dd311ce20eb5788a75: 1faf1abc5660ab36ab1eb4ed5e1a5b6451a4a1a7: in 
DEBUG: ran git checkout master in 
DEBUG: ran git reset --hard 1faf1abc5660ab36ab1eb4ed5e1a5b6451a4a1a7 in 
DEBUG: ran clean --force -d . in 
DEBUG: ran git merge 41f357ab4d72707eb6ad09dd311ce20eb5788a75 in 
Merged SHA 41f357ab4d72707eb6ad09dd311ce20eb5788a75 with commit message 'chore: Promote bdd-ghf**y-import-1568458103 to version 0.0.1' into base branch master

Showing logs for build [32mcb-kubecd-environment-pr-5485-1-9bkpx-1[0m stage [32mfrom-build-pack[0m and container [32mstep-build-helm-build[0m
WARNING: No $CHART_REPOSITORY defined so using the default value of: http://jenkins-x-chartmuseum:8080
Adding missing Helm repo: storage.googleapis.com https://storage.googleapis.com/chartmuseum.jenkins-x.io
Successfully added Helm repository storage.googleapis.com.
Adding missing Helm repo: jenkins-x-chartmuseum http://jenkins-x-chartmuseum:8080
Successfully added Helm repository jenkins-x-chartmuseum.
WARNING: No $CHART_REPOSITORY defined so using the default value of: http://jenkins-x-chartmuseum:8080
Adding missing Helm repo: chartmuseum.jenkins-x.io http://chartmuseum.jenkins-x.io
Successfully added Helm repository chartmuseum.jenkins-x.io.
